[INFO ] 2020-04-25 13:20:50.987 RepairAgencyApplicationListener:20 - Webapp 'Repair Service' was started.
[WARN ] 2020-04-25 13:21:06.227 ExceptionHandler:26 - Failed request (/RepairAgency/login): User with this email don't exist
[INFO ] 2020-04-25 13:22:31.615 RepairAgencyApplicationListener:30 - Webapp 'Repair Service' was closed
[INFO ] 2020-04-25 16:09:58.810 RepairAgencyApplicationListener:20 - Webapp 'Repair Service' was started.
[INFO ] 2020-04-25 16:10:50.463 RepairAgencyApplicationListener:30 - Webapp 'Repair Service' was closed
[INFO ] 2020-04-25 16:11:08.954 RepairAgencyApplicationListener:20 - Webapp 'Repair Service' was started.
[INFO ] 2020-04-25 16:11:53.076 RepairAgencyApplicationListener:30 - Webapp 'Repair Service' was closed
[INFO ] 2020-04-25 18:35:13.415 RepairAgencyApplicationListener:20 - Webapp 'Repair Service' was started.
[INFO ] 2020-04-25 18:35:19.453 RepairAgencyApplicationListener:30 - Webapp 'Repair Service' was closed
[INFO ] 2020-04-25 18:35:42.078 RepairAgencyApplicationListener:20 - Webapp 'Repair Service' was started.
[WARN ] 2020-04-25 18:36:03.957 ExceptionHandler:26 - Failed request (/RepairAgency/login): You entered wrong password
[INFO ] 2020-04-25 18:37:37.197 RepairAgencyApplicationListener:30 - Webapp 'Repair Service' was closed
[INFO ] 2020-04-25 20:19:07.283 RepairAgencyApplicationListener:20 - Webapp 'Repair Service' was started.
[WARN ] 2020-04-25 20:19:19.569 ExceptionHandler:31 - Attempt to log in using non-existing email: email
[WARN ] 2020-04-25 20:19:38.341 ExceptionHandler:31 - Attempt to log in using non-existing email: emailtot
[WARN ] 2020-04-25 20:19:43.752 ExceptionHandler:31 - Attempt to log in using non-existing email: emailtot
[WARN ] 2020-04-25 20:20:09.595 ExceptionHandler:31 - Attempt to log in using non-existing email: gmail@jmail.com
[WARN ] 2020-04-25 20:22:12.300 ExceptionHandler:31 - Attempt to log in using non-existing email: gmail@jmail.com
[INFO ] 2020-04-25 20:23:02.770 RepairAgencyApplicationListener:30 - Webapp 'Repair Service' was closed
[INFO ] 2020-04-25 20:33:18.849 RepairAgencyApplicationListener:20 - Webapp 'Repair Service' was started.
[WARN ] 2020-04-25 20:33:28.933 ExceptionHandler:32 - Attempt to log in using non-existing email: emailtotMozilla/5.0 (Windows NT 10.0; Win64; x64) AppleWebKit/537.36 (KHTML, like Gecko) Chrome/81.0.4044.122 Safari/537.36
[INFO ] 2020-04-25 20:34:30.016 RepairAgencyApplicationListener:30 - Webapp 'Repair Service' was closed
[INFO ] 2020-04-25 20:34:50.220 RepairAgencyApplicationListener:20 - Webapp 'Repair Service' was started.
[WARN ] 2020-04-25 20:35:13.340 ExceptionHandler:32 - Attempt to log in using non-existing email: emailtot
Mozilla/5.0 (Windows NT 10.0; Win64; x64) AppleWebKit/537.36 (KHTML, like Gecko) Chrome/81.0.4044.122 Safari/537.36
[INFO ] 2020-04-25 20:37:04.045 RepairAgencyApplicationListener:30 - Webapp 'Repair Service' was closed
[INFO ] 2020-04-25 20:37:22.393 RepairAgencyApplicationListener:20 - Webapp 'Repair Service' was started.
[WARN ] 2020-04-25 20:37:35.341 ExceptionHandler:32 - Attempt to log in using non-existing email: emailtot	 User-Agent: Mozilla/5.0 (Windows NT 10.0; Win64; x64) AppleWebKit/537.36 (KHTML, like Gecko) Chrome/81.0.4044.122 Safari/537.36
[INFO ] 2020-04-25 20:39:02.319 RepairAgencyApplicationListener:30 - Webapp 'Repair Service' was closed
[INFO ] 2020-04-25 20:39:20.540 RepairAgencyApplicationListener:20 - Webapp 'Repair Service' was started.
[WARN ] 2020-04-25 20:39:29.991 ExceptionHandler:32 - Attempt to log in using non-existing email: emailtot	 User-Agent: Mozilla/5.0 (Windows NT 10.0; Win64; x64) AppleWebKit/537.36 (KHTML, like Gecko) Chrome/81.0.4044.122 Safari/537.36
[WARN ] 2020-04-25 20:40:25.102 ExceptionHandler:36 - Wrong password log in attempt. User: petruk@gmail.com	 User-Agent: Mozilla/5.0 (Windows NT 10.0; Win64; x64) AppleWebKit/537.36 (KHTML, like Gecko) Chrome/81.0.4044.122 Safari/537.36
[INFO ] 2020-04-25 20:41:30.903 RepairAgencyApplicationListener:30 - Webapp 'Repair Service' was closed
