[INFO ] 2020-04-29 00:26:26.010 RepairAgencyApplicationListener:29 - Webapp 'Repair Service' was closed
[INFO ] 2020-04-29 00:26:44.057 RepairAgencyApplicationListener:19 - Webapp 'Repair Service' was started.
[ERROR] 2020-04-29 00:28:49.117 ExceptionHandleFilter:35 - Failed request (/RepairAgency/language): null
java.lang.NullPointerException: null
	at ua.javaexternal_shulzhenko.repair_service.filters.LanguageHandleFilter.setLanguageForUser(LanguageHandleFilter.java:35) ~[classes/:?]
	at ua.javaexternal_shulzhenko.repair_service.filters.LanguageHandleFilter.doFilter(LanguageHandleFilter.java:24) ~[classes/:?]
	at ua.javaexternal_shulzhenko.repair_service.filters.AbstractFilter.doFilter(AbstractFilter.java:21) ~[classes/:?]
	at org.apache.catalina.core.ApplicationFilterChain.internalDoFilter(ApplicationFilterChain.java:193) ~[catalina.jar:9.0.33]
	at org.apache.catalina.core.ApplicationFilterChain.doFilter(ApplicationFilterChain.java:166) ~[catalina.jar:9.0.33]
	at ua.javaexternal_shulzhenko.repair_service.filters.SessionCreateFilter.doFilter(SessionCreateFilter.java:25) ~[classes/:?]
	at ua.javaexternal_shulzhenko.repair_service.filters.AbstractFilter.doFilter(AbstractFilter.java:21) ~[classes/:?]
	at org.apache.catalina.core.ApplicationFilterChain.internalDoFilter(ApplicationFilterChain.java:193) ~[catalina.jar:9.0.33]
	at org.apache.catalina.core.ApplicationFilterChain.doFilter(ApplicationFilterChain.java:166) ~[catalina.jar:9.0.33]
	at ua.javaexternal_shulzhenko.repair_service.filters.ExceptionHandleFilter.doFilter(ExceptionHandleFilter.java:21) [classes/:?]
	at ua.javaexternal_shulzhenko.repair_service.filters.AbstractFilter.doFilter(AbstractFilter.java:21) [classes/:?]
	at org.apache.catalina.core.ApplicationFilterChain.internalDoFilter(ApplicationFilterChain.java:193) [catalina.jar:9.0.33]
	at org.apache.catalina.core.ApplicationFilterChain.doFilter(ApplicationFilterChain.java:166) [catalina.jar:9.0.33]
	at org.apache.catalina.core.StandardWrapperValve.invoke(StandardWrapperValve.java:202) [catalina.jar:9.0.33]
	at org.apache.catalina.core.StandardContextValve.invoke(StandardContextValve.java:96) [catalina.jar:9.0.33]
	at org.apache.catalina.authenticator.AuthenticatorBase.invoke(AuthenticatorBase.java:541) [catalina.jar:9.0.33]
	at org.apache.catalina.core.StandardHostValve.invoke(StandardHostValve.java:139) [catalina.jar:9.0.33]
	at org.apache.catalina.valves.ErrorReportValve.invoke(ErrorReportValve.java:92) [catalina.jar:9.0.33]
	at org.apache.catalina.valves.AbstractAccessLogValve.invoke(AbstractAccessLogValve.java:688) [catalina.jar:9.0.33]
	at org.apache.catalina.core.StandardEngineValve.invoke(StandardEngineValve.java:74) [catalina.jar:9.0.33]
	at org.apache.catalina.connector.CoyoteAdapter.service(CoyoteAdapter.java:343) [catalina.jar:9.0.33]
	at org.apache.coyote.http11.Http11Processor.service(Http11Processor.java:373) [tomcat-coyote.jar:9.0.33]
	at org.apache.coyote.AbstractProcessorLight.process(AbstractProcessorLight.java:65) [tomcat-coyote.jar:9.0.33]
	at org.apache.coyote.AbstractProtocol$ConnectionHandler.process(AbstractProtocol.java:868) [tomcat-coyote.jar:9.0.33]
	at org.apache.tomcat.util.net.NioEndpoint$SocketProcessor.doRun(NioEndpoint.java:1594) [tomcat-coyote.jar:9.0.33]
	at org.apache.tomcat.util.net.SocketProcessorBase.run(SocketProcessorBase.java:49) [tomcat-coyote.jar:9.0.33]
	at java.util.concurrent.ThreadPoolExecutor.runWorker(ThreadPoolExecutor.java:1149) [?:1.8.0_231]
	at java.util.concurrent.ThreadPoolExecutor$Worker.run(ThreadPoolExecutor.java:624) [?:1.8.0_231]
	at org.apache.tomcat.util.threads.TaskThread$WrappingRunnable.run(TaskThread.java:61) [tomcat-util.jar:9.0.33]
	at java.lang.Thread.run(Thread.java:748) [?:1.8.0_231]
[INFO ] 2020-04-29 00:30:23.867 RepairAgencyApplicationListener:29 - Webapp 'Repair Service' was closed
[INFO ] 2020-04-29 00:30:41.770 RepairAgencyApplicationListener:19 - Webapp 'Repair Service' was started.
[INFO ] 2020-04-29 00:32:56.540 RepairAgencyApplicationListener:29 - Webapp 'Repair Service' was closed
[INFO ] 2020-04-29 00:33:14.288 RepairAgencyApplicationListener:19 - Webapp 'Repair Service' was started.
[INFO ] 2020-04-29 00:34:31.244 RepairAgencyApplicationListener:29 - Webapp 'Repair Service' was closed
[INFO ] 2020-04-29 00:34:49.890 RepairAgencyApplicationListener:19 - Webapp 'Repair Service' was started.
[INFO ] 2020-04-29 00:35:48.057 RepairAgencyApplicationListener:29 - Webapp 'Repair Service' was closed
[INFO ] 2020-04-29 00:36:05.849 RepairAgencyApplicationListener:19 - Webapp 'Repair Service' was started.
[INFO ] 2020-04-29 00:42:40.225 RepairAgencyApplicationListener:29 - Webapp 'Repair Service' was closed
[INFO ] 2020-04-29 00:42:58.503 RepairAgencyApplicationListener:19 - Webapp 'Repair Service' was started.
[INFO ] 2020-04-29 00:47:49.564 RepairAgencyApplicationListener:29 - Webapp 'Repair Service' was closed
[INFO ] 2020-04-29 00:48:05.718 RepairAgencyApplicationListener:19 - Webapp 'Repair Service' was started.
[ERROR] 2020-04-29 00:48:37.258 ExceptionHandleFilter:35 - Failed request (/RepairAgency/language): Can't set language id database for user id =22
ua.javaexternal_shulzhenko.repair_service.exceptions.DataBaseInteractionException: Can't set language id database for user id =22
	at ua.javaexternal_shulzhenko.repair_service.services.database_services.UsersDBService.changeUserLanguage(UsersDBService.java:62) ~[classes/:?]
	at ua.javaexternal_shulzhenko.repair_service.filters.LanguageHandleFilter.setLanguageForUser(LanguageHandleFilter.java:39) ~[classes/:?]
	at ua.javaexternal_shulzhenko.repair_service.filters.LanguageHandleFilter.doFilter(LanguageHandleFilter.java:24) ~[classes/:?]
	at ua.javaexternal_shulzhenko.repair_service.filters.AbstractFilter.doFilter(AbstractFilter.java:21) ~[classes/:?]
	at org.apache.catalina.core.ApplicationFilterChain.internalDoFilter(ApplicationFilterChain.java:193) ~[catalina.jar:9.0.33]
	at org.apache.catalina.core.ApplicationFilterChain.doFilter(ApplicationFilterChain.java:166) ~[catalina.jar:9.0.33]
	at ua.javaexternal_shulzhenko.repair_service.filters.SessionCreateFilter.doFilter(SessionCreateFilter.java:26) ~[classes/:?]
	at ua.javaexternal_shulzhenko.repair_service.filters.AbstractFilter.doFilter(AbstractFilter.java:21) ~[classes/:?]
	at org.apache.catalina.core.ApplicationFilterChain.internalDoFilter(ApplicationFilterChain.java:193) ~[catalina.jar:9.0.33]
	at org.apache.catalina.core.ApplicationFilterChain.doFilter(ApplicationFilterChain.java:166) ~[catalina.jar:9.0.33]
	at ua.javaexternal_shulzhenko.repair_service.filters.ExceptionHandleFilter.doFilter(ExceptionHandleFilter.java:21) [classes/:?]
	at ua.javaexternal_shulzhenko.repair_service.filters.AbstractFilter.doFilter(AbstractFilter.java:21) [classes/:?]
	at org.apache.catalina.core.ApplicationFilterChain.internalDoFilter(ApplicationFilterChain.java:193) [catalina.jar:9.0.33]
	at org.apache.catalina.core.ApplicationFilterChain.doFilter(ApplicationFilterChain.java:166) [catalina.jar:9.0.33]
	at org.apache.catalina.core.StandardWrapperValve.invoke(StandardWrapperValve.java:202) [catalina.jar:9.0.33]
	at org.apache.catalina.core.StandardContextValve.invoke(StandardContextValve.java:96) [catalina.jar:9.0.33]
	at org.apache.catalina.authenticator.AuthenticatorBase.invoke(AuthenticatorBase.java:541) [catalina.jar:9.0.33]
	at org.apache.catalina.core.StandardHostValve.invoke(StandardHostValve.java:139) [catalina.jar:9.0.33]
	at org.apache.catalina.valves.ErrorReportValve.invoke(ErrorReportValve.java:92) [catalina.jar:9.0.33]
	at org.apache.catalina.valves.AbstractAccessLogValve.invoke(AbstractAccessLogValve.java:688) [catalina.jar:9.0.33]
	at org.apache.catalina.core.StandardEngineValve.invoke(StandardEngineValve.java:74) [catalina.jar:9.0.33]
	at org.apache.catalina.connector.CoyoteAdapter.service(CoyoteAdapter.java:343) [catalina.jar:9.0.33]
	at org.apache.coyote.http11.Http11Processor.service(Http11Processor.java:373) [tomcat-coyote.jar:9.0.33]
	at org.apache.coyote.AbstractProcessorLight.process(AbstractProcessorLight.java:65) [tomcat-coyote.jar:9.0.33]
	at org.apache.coyote.AbstractProtocol$ConnectionHandler.process(AbstractProtocol.java:868) [tomcat-coyote.jar:9.0.33]
	at org.apache.tomcat.util.net.NioEndpoint$SocketProcessor.doRun(NioEndpoint.java:1594) [tomcat-coyote.jar:9.0.33]
	at org.apache.tomcat.util.net.SocketProcessorBase.run(SocketProcessorBase.java:49) [tomcat-coyote.jar:9.0.33]
	at java.util.concurrent.ThreadPoolExecutor.runWorker(ThreadPoolExecutor.java:1149) [?:1.8.0_231]
	at java.util.concurrent.ThreadPoolExecutor$Worker.run(ThreadPoolExecutor.java:624) [?:1.8.0_231]
	at org.apache.tomcat.util.threads.TaskThread$WrappingRunnable.run(TaskThread.java:61) [tomcat-util.jar:9.0.33]
	at java.lang.Thread.run(Thread.java:748) [?:1.8.0_231]
Caused by: java.sql.SQLException: No value specified for parameter 1
	at com.mysql.cj.jdbc.exceptions.SQLError.createSQLException(SQLError.java:129) ~[mysql-connector-java-8.0.19.jar:8.0.19]
	at com.mysql.cj.jdbc.exceptions.SQLError.createSQLException(SQLError.java:97) ~[mysql-connector-java-8.0.19.jar:8.0.19]
	at com.mysql.cj.jdbc.exceptions.SQLExceptionsMapping.translateException(SQLExceptionsMapping.java:122) ~[mysql-connector-java-8.0.19.jar:8.0.19]
	at com.mysql.cj.jdbc.ClientPreparedStatement.executeUpdateInternal(ClientPreparedStatement.java:1115) ~[mysql-connector-java-8.0.19.jar:8.0.19]
	at com.mysql.cj.jdbc.ClientPreparedStatement.executeUpdateInternal(ClientPreparedStatement.java:1040) ~[mysql-connector-java-8.0.19.jar:8.0.19]
	at com.mysql.cj.jdbc.ClientPreparedStatement.executeLargeUpdate(ClientPreparedStatement.java:1347) ~[mysql-connector-java-8.0.19.jar:8.0.19]
	at com.mysql.cj.jdbc.ClientPreparedStatement.executeUpdate(ClientPreparedStatement.java:1025) ~[mysql-connector-java-8.0.19.jar:8.0.19]
	at org.apache.commons.dbcp2.DelegatingPreparedStatement.executeUpdate(DelegatingPreparedStatement.java:136) ~[commons-dbcp2-2.7.0.jar:2.7.0]
	at org.apache.commons.dbcp2.DelegatingPreparedStatement.executeUpdate(DelegatingPreparedStatement.java:136) ~[commons-dbcp2-2.7.0.jar:2.7.0]
	at ua.javaexternal_shulzhenko.repair_service.services.database_services.dao.UniversalDAOFactory.update(UniversalDAOFactory.java:38) ~[classes/:?]
	at ua.javaexternal_shulzhenko.repair_service.services.database_services.UsersDBService.changeUserLanguage(UsersDBService.java:60) ~[classes/:?]
	... 30 more
[INFO ] 2020-04-29 00:50:50.952 RepairAgencyApplicationListener:29 - Webapp 'Repair Service' was closed
[INFO ] 2020-04-29 00:51:09.669 RepairAgencyApplicationListener:19 - Webapp 'Repair Service' was started.
[WARN ] 2020-04-29 00:51:24.382 ExceptionHandleFilter:29 - Wrong password log in attempt. User: vasil@gmail.com	 User-Agent: Mozilla/5.0 (Windows NT 10.0; Win64; x64; rv:75.0) Gecko/20100101 Firefox/75.0
[INFO ] 2020-04-29 00:54:41.308 RepairAgencyApplicationListener:29 - Webapp 'Repair Service' was closed
[INFO ] 2020-04-29 00:54:57.419 RepairAgencyApplicationListener:19 - Webapp 'Repair Service' was started.
[WARN ] 2020-04-29 00:56:00.706 ExceptionHandleFilter:29 - Wrong password log in attempt. User: vania@gmail.com	 User-Agent: Mozilla/5.0 (Windows NT 10.0; Win64; x64; rv:75.0) Gecko/20100101 Firefox/75.0
[INFO ] 2020-04-29 01:40:56.129 RepairAgencyApplicationListener:29 - Webapp 'Repair Service' was closed
[INFO ] 2020-04-29 17:59:50.570 RepairAgencyApplicationListener:19 - Webapp 'Repair Service' was started.
