[INFO ] 2020-04-20 14:37:42.796 RepairAgencyApplicationListener:20 - Webapp 'Repair Service' was started.
[INFO ] 2020-04-20 14:41:52.501 RepairAgencyApplicationListener:30 - Webapp 'Repair Service' was closed
[INFO ] 2020-04-20 17:38:47.692 RepairAgencyApplicationListener:20 - Webapp 'Repair Service' was started.
[INFO ] 2020-04-20 17:39:12.461 RepairAgencyApplicationListener:30 - Webapp 'Repair Service' was closed
[INFO ] 2020-04-20 17:41:23.669 RepairAgencyApplicationListener:20 - Webapp 'Repair Service' was started.
[INFO ] 2020-04-20 17:41:40.998 RepairAgencyApplicationListener:30 - Webapp 'Repair Service' was closed
[INFO ] 2020-04-20 17:43:26.901 RepairAgencyApplicationListener:20 - Webapp 'Repair Service' was started.
[INFO ] 2020-04-20 17:44:34.482 RepairAgencyApplicationListener:30 - Webapp 'Repair Service' was closed
[INFO ] 2020-04-20 17:44:51.270 RepairAgencyApplicationListener:20 - Webapp 'Repair Service' was started.
[INFO ] 2020-04-20 17:46:07.927 RepairAgencyApplicationListener:30 - Webapp 'Repair Service' was closed
[INFO ] 2020-04-20 17:46:23.639 RepairAgencyApplicationListener:20 - Webapp 'Repair Service' was started.
[INFO ] 2020-04-20 17:49:58.760 RepairAgencyApplicationListener:30 - Webapp 'Repair Service' was closed
[INFO ] 2020-04-20 17:51:55.451 RepairAgencyApplicationListener:20 - Webapp 'Repair Service' was started.
[INFO ] 2020-04-20 17:52:56.624 RepairAgencyApplicationListener:30 - Webapp 'Repair Service' was closed
[INFO ] 2020-04-20 20:03:02.410 RepairAgencyApplicationListener:20 - Webapp 'Repair Service' was started.
[INFO ] 2020-04-20 20:03:54.769 RepairAgencyApplicationListener:30 - Webapp 'Repair Service' was closed
[INFO ] 2020-04-20 20:04:15.096 RepairAgencyApplicationListener:20 - Webapp 'Repair Service' was started.
[ERROR] 2020-04-20 20:05:27.153 ExceptionHandler:25 - Failed request (/RepairAgency/login): null
java.lang.NullPointerException: null
	at ua.javaexternal_shulzhenko.repair_service.servlet.AppControllerServlet.doPost(Servlet.java:48) ~[classes/:?]
	at javax.servlet.http.HttpServlet.service(HttpServlet.java:660) ~[servlet-api.jar:?]
	at javax.servlet.http.HttpServlet.service(HttpServlet.java:741) ~[servlet-api.jar:?]
	at org.apache.catalina.core.ApplicationFilterChain.internalDoFilter(ApplicationFilterChain.java:231) ~[catalina.jar:9.0.33]
	at org.apache.catalina.core.ApplicationFilterChain.doFilter(ApplicationFilterChain.java:166) ~[catalina.jar:9.0.33]
	at org.apache.tomcat.websocket.server.WsFilter.doFilter(WsFilter.java:53) ~[tomcat-websocket.jar:9.0.33]
	at org.apache.catalina.core.ApplicationFilterChain.internalDoFilter(ApplicationFilterChain.java:193) ~[catalina.jar:9.0.33]
	at org.apache.catalina.core.ApplicationFilterChain.doFilter(ApplicationFilterChain.java:166) ~[catalina.jar:9.0.33]
	at ua.javaexternal_shulzhenko.repair_service.filters.ExceptionHandleFilter.doFilter(ExceptionHandler.java:23) [classes/:?]
	at org.apache.catalina.core.ApplicationFilterChain.internalDoFilter(ApplicationFilterChain.java:193) [catalina.jar:9.0.33]
	at org.apache.catalina.core.ApplicationFilterChain.doFilter(ApplicationFilterChain.java:166) [catalina.jar:9.0.33]
	at org.apache.catalina.core.StandardWrapperValve.invoke(StandardWrapperValve.java:202) [catalina.jar:9.0.33]
	at org.apache.catalina.core.StandardContextValve.invoke(StandardContextValve.java:96) [catalina.jar:9.0.33]
	at org.apache.catalina.authenticator.AuthenticatorBase.invoke(AuthenticatorBase.java:541) [catalina.jar:9.0.33]
	at org.apache.catalina.core.StandardHostValve.invoke(StandardHostValve.java:139) [catalina.jar:9.0.33]
	at org.apache.catalina.valves.ErrorReportValve.invoke(ErrorReportValve.java:92) [catalina.jar:9.0.33]
	at org.apache.catalina.valves.AbstractAccessLogValve.invoke(AbstractAccessLogValve.java:688) [catalina.jar:9.0.33]
	at org.apache.catalina.core.StandardEngineValve.invoke(StandardEngineValve.java:74) [catalina.jar:9.0.33]
	at org.apache.catalina.connector.CoyoteAdapter.service(CoyoteAdapter.java:343) [catalina.jar:9.0.33]
	at org.apache.coyote.http11.Http11Processor.service(Http11Processor.java:373) [tomcat-coyote.jar:9.0.33]
	at org.apache.coyote.AbstractProcessorLight.process(AbstractProcessorLight.java:65) [tomcat-coyote.jar:9.0.33]
	at org.apache.coyote.AbstractProtocol$ConnectionHandler.process(AbstractProtocol.java:868) [tomcat-coyote.jar:9.0.33]
	at org.apache.tomcat.util.net.NioEndpoint$SocketProcessor.doRun(NioEndpoint.java:1594) [tomcat-coyote.jar:9.0.33]
	at org.apache.tomcat.util.net.SocketProcessorBase.run(SocketProcessorBase.java:49) [tomcat-coyote.jar:9.0.33]
	at java.util.concurrent.ThreadPoolExecutor.runWorker(ThreadPoolExecutor.java:1149) [?:1.8.0_231]
	at java.util.concurrent.ThreadPoolExecutor$Worker.run(ThreadPoolExecutor.java:624) [?:1.8.0_231]
	at org.apache.tomcat.util.threads.TaskThread$WrappingRunnable.run(TaskThread.java:61) [tomcat-util.jar:9.0.33]
	at java.lang.Thread.run(Thread.java:748) [?:1.8.0_231]
[INFO ] 2020-04-20 20:08:45.358 RepairAgencyApplicationListener:30 - Webapp 'Repair Service' was closed
[INFO ] 2020-04-20 20:09:03.150 RepairAgencyApplicationListener:20 - Webapp 'Repair Service' was started.
[INFO ] 2020-04-20 20:10:10.986 RepairAgencyApplicationListener:30 - Webapp 'Repair Service' was closed
[INFO ] 2020-04-20 20:10:28.371 RepairAgencyApplicationListener:20 - Webapp 'Repair Service' was started.
[INFO ] 2020-04-20 20:11:27.855 RepairAgencyApplicationListener:30 - Webapp 'Repair Service' was closed
[INFO ] 2020-04-20 20:11:44.750 RepairAgencyApplicationListener:20 - Webapp 'Repair Service' was started.
[INFO ] 2020-04-20 20:14:16.778 RepairAgencyApplicationListener:30 - Webapp 'Repair Service' was closed
[INFO ] 2020-04-20 20:14:35.105 RepairAgencyApplicationListener:20 - Webapp 'Repair Service' was started.
[INFO ] 2020-04-20 20:14:55.961 RepairAgencyApplicationListener:30 - Webapp 'Repair Service' was closed
[INFO ] 2020-04-20 20:15:16.777 RepairAgencyApplicationListener:20 - Webapp 'Repair Service' was started.
[INFO ] 2020-04-20 20:21:37.985 RepairAgencyApplicationListener:30 - Webapp 'Repair Service' was closed
