[INFO ] 2020-04-30 12:42:07.771 RepairAgencyApplicationListener:19 - Webapp 'Repair Service' was started.
[INFO ] 2020-04-30 12:52:42.811 RepairAgencyApplicationListener:29 - Webapp 'Repair Service' was closed
[INFO ] 2020-04-30 12:53:01.178 RepairAgencyApplicationListener:19 - Webapp 'Repair Service' was started.
[INFO ] 2020-04-30 13:08:55.605 RepairAgencyApplicationListener:29 - Webapp 'Repair Service' was closed
[INFO ] 2020-04-30 13:09:13.281 RepairAgencyApplicationListener:19 - Webapp 'Repair Service' was started.
[INFO ] 2020-04-30 13:10:16.618 RepairAgencyApplicationListener:29 - Webapp 'Repair Service' was closed
[INFO ] 2020-04-30 13:10:33.698 RepairAgencyApplicationListener:19 - Webapp 'Repair Service' was started.
[INFO ] 2020-04-30 13:12:36.271 RepairAgencyApplicationListener:29 - Webapp 'Repair Service' was closed
[INFO ] 2020-04-30 13:12:56.105 RepairAgencyApplicationListener:19 - Webapp 'Repair Service' was started.
[INFO ] 2020-04-30 13:14:43.462 RepairAgencyApplicationListener:29 - Webapp 'Repair Service' was closed
[INFO ] 2020-04-30 13:15:02.900 RepairAgencyApplicationListener:19 - Webapp 'Repair Service' was started.
[INFO ] 2020-04-30 13:18:19.536 RepairAgencyApplicationListener:29 - Webapp 'Repair Service' was closed
[INFO ] 2020-04-30 13:18:36.928 RepairAgencyApplicationListener:19 - Webapp 'Repair Service' was started.
[INFO ] 2020-04-30 13:21:06.650 RepairAgencyApplicationListener:29 - Webapp 'Repair Service' was closed
[INFO ] 2020-04-30 13:21:23.835 RepairAgencyApplicationListener:19 - Webapp 'Repair Service' was started.
[INFO ] 2020-04-30 13:29:44.151 RepairAgencyApplicationListener:29 - Webapp 'Repair Service' was closed
[INFO ] 2020-04-30 13:30:02.234 RepairAgencyApplicationListener:19 - Webapp 'Repair Service' was started.
[INFO ] 2020-04-30 13:32:58.040 RepairAgencyApplicationListener:29 - Webapp 'Repair Service' was closed
[INFO ] 2020-04-30 13:33:16.115 RepairAgencyApplicationListener:19 - Webapp 'Repair Service' was started.
[ERROR] 2020-04-30 13:33:21.891 ExceptionHandleFilter:35 - Failed request (/RepairAgency/order_repair): An exception occurred processing [/WEB-INF/jsp_pages/core_page.jsp] at line [40]

37:                     <jsp:include page="aside_blocks/${aside_menu}"/>
38:                 </aside>
39:                 <main class="col-sm-9">
40:                     <jsp:include page="main_blocks/${main_block}"/>
41:                 </main>
42:             </div>
43:         </c:otherwise>


Stacktrace:
java.io.IOException: An exception occurred processing [/WEB-INF/jsp_pages/core_page.jsp] at line [40]

37:                     <jsp:include page="aside_blocks/${aside_menu}"/>
38:                 </aside>
39:                 <main class="col-sm-9">
40:                     <jsp:include page="main_blocks/${main_block}"/>
41:                 </main>
42:             </div>
43:         </c:otherwise>


Stacktrace:
	at org.apache.jasper.servlet.JspServletWrapper.service(JspServletWrapper.java:505) ~[jasper.jar:9.0.33]
	at org.apache.jasper.servlet.JspServlet.serviceJspFile(JspServlet.java:385) ~[jasper.jar:9.0.33]
	at org.apache.jasper.servlet.JspServlet.service(JspServlet.java:329) ~[jasper.jar:9.0.33]
	at javax.servlet.http.HttpServlet.service(HttpServlet.java:741) ~[servlet-api.jar:?]
	at org.apache.catalina.core.ApplicationFilterChain.internalDoFilter(ApplicationFilterChain.java:231) ~[catalina.jar:9.0.33]
	at org.apache.catalina.core.ApplicationFilterChain.doFilter(ApplicationFilterChain.java:166) ~[catalina.jar:9.0.33]
	at org.apache.tomcat.websocket.server.WsFilter.doFilter(WsFilter.java:53) ~[tomcat-websocket.jar:9.0.33]
	at org.apache.catalina.core.ApplicationFilterChain.internalDoFilter(ApplicationFilterChain.java:193) ~[catalina.jar:9.0.33]
	at org.apache.catalina.core.ApplicationFilterChain.doFilter(ApplicationFilterChain.java:166) ~[catalina.jar:9.0.33]
	at org.apache.catalina.core.ApplicationDispatcher.invoke(ApplicationDispatcher.java:712) ~[catalina.jar:9.0.33]
	at org.apache.catalina.core.ApplicationDispatcher.processRequest(ApplicationDispatcher.java:459) ~[catalina.jar:9.0.33]
	at org.apache.catalina.core.ApplicationDispatcher.doForward(ApplicationDispatcher.java:384) ~[catalina.jar:9.0.33]
	at org.apache.catalina.core.ApplicationDispatcher.forward(ApplicationDispatcher.java:312) ~[catalina.jar:9.0.33]
	at ua.javaexternal_shulzhenko.repair_service.servlet.AppControllerServlet.doGet(AppControllerServlet.java:60) ~[classes/:?]
	at javax.servlet.http.HttpServlet.service(HttpServlet.java:634) ~[servlet-api.jar:?]
	at javax.servlet.http.HttpServlet.service(HttpServlet.java:741) ~[servlet-api.jar:?]
	at org.apache.catalina.core.ApplicationFilterChain.internalDoFilter(ApplicationFilterChain.java:231) ~[catalina.jar:9.0.33]
	at org.apache.catalina.core.ApplicationFilterChain.doFilter(ApplicationFilterChain.java:166) ~[catalina.jar:9.0.33]
	at org.apache.tomcat.websocket.server.WsFilter.doFilter(WsFilter.java:53) ~[tomcat-websocket.jar:9.0.33]
	at org.apache.catalina.core.ApplicationFilterChain.internalDoFilter(ApplicationFilterChain.java:193) ~[catalina.jar:9.0.33]
	at org.apache.catalina.core.ApplicationFilterChain.doFilter(ApplicationFilterChain.java:166) ~[catalina.jar:9.0.33]
	at ua.javaexternal_shulzhenko.repair_service.filters.SessionCreateFilter.doFilter(SessionCreateFilter.java:25) ~[classes/:?]
	at ua.javaexternal_shulzhenko.repair_service.filters.AbstractFilter.doFilter(AbstractFilter.java:21) ~[classes/:?]
	at org.apache.catalina.core.ApplicationFilterChain.internalDoFilter(ApplicationFilterChain.java:193) ~[catalina.jar:9.0.33]
	at org.apache.catalina.core.ApplicationFilterChain.doFilter(ApplicationFilterChain.java:166) ~[catalina.jar:9.0.33]
	at ua.javaexternal_shulzhenko.repair_service.filters.ExceptionHandleFilter.doFilter(ExceptionHandleFilter.java:21) [classes/:?]
	at ua.javaexternal_shulzhenko.repair_service.filters.AbstractFilter.doFilter(AbstractFilter.java:21) [classes/:?]
	at org.apache.catalina.core.ApplicationFilterChain.internalDoFilter(ApplicationFilterChain.java:193) [catalina.jar:9.0.33]
	at org.apache.catalina.core.ApplicationFilterChain.doFilter(ApplicationFilterChain.java:166) [catalina.jar:9.0.33]
	at org.apache.catalina.core.StandardWrapperValve.invoke(StandardWrapperValve.java:202) [catalina.jar:9.0.33]
	at org.apache.catalina.core.StandardContextValve.invoke(StandardContextValve.java:96) [catalina.jar:9.0.33]
	at org.apache.catalina.authenticator.AuthenticatorBase.invoke(AuthenticatorBase.java:541) [catalina.jar:9.0.33]
	at org.apache.catalina.core.StandardHostValve.invoke(StandardHostValve.java:139) [catalina.jar:9.0.33]
	at org.apache.catalina.valves.ErrorReportValve.invoke(ErrorReportValve.java:92) [catalina.jar:9.0.33]
	at org.apache.catalina.valves.AbstractAccessLogValve.invoke(AbstractAccessLogValve.java:688) [catalina.jar:9.0.33]
	at org.apache.catalina.core.StandardEngineValve.invoke(StandardEngineValve.java:74) [catalina.jar:9.0.33]
	at org.apache.catalina.connector.CoyoteAdapter.service(CoyoteAdapter.java:343) [catalina.jar:9.0.33]
	at org.apache.coyote.http11.Http11Processor.service(Http11Processor.java:373) [tomcat-coyote.jar:9.0.33]
	at org.apache.coyote.AbstractProcessorLight.process(AbstractProcessorLight.java:65) [tomcat-coyote.jar:9.0.33]
	at org.apache.coyote.AbstractProtocol$ConnectionHandler.process(AbstractProtocol.java:868) [tomcat-coyote.jar:9.0.33]
	at org.apache.tomcat.util.net.NioEndpoint$SocketProcessor.doRun(NioEndpoint.java:1594) [tomcat-coyote.jar:9.0.33]
	at org.apache.tomcat.util.net.SocketProcessorBase.run(SocketProcessorBase.java:49) [tomcat-coyote.jar:9.0.33]
	at java.util.concurrent.ThreadPoolExecutor.runWorker(ThreadPoolExecutor.java:1149) [?:1.8.0_231]
	at java.util.concurrent.ThreadPoolExecutor$Worker.run(ThreadPoolExecutor.java:624) [?:1.8.0_231]
	at org.apache.tomcat.util.threads.TaskThread$WrappingRunnable.run(TaskThread.java:61) [tomcat-util.jar:9.0.33]
	at java.lang.Thread.run(Thread.java:748) [?:1.8.0_231]
Caused by: java.io.FileNotFoundException: The requested resource [/RepairAgency/WEB-INF/jsp_pages/main_blocks/order_form] is not available
	at org.apache.catalina.servlets.DefaultServlet.serveResource(DefaultServlet.java:845) ~[catalina.jar:9.0.33]
	at org.apache.catalina.servlets.DefaultServlet.doGet(DefaultServlet.java:497) ~[catalina.jar:9.0.33]
	at javax.servlet.http.HttpServlet.service(HttpServlet.java:634) ~[servlet-api.jar:?]
	at org.apache.catalina.servlets.DefaultServlet.service(DefaultServlet.java:477) ~[catalina.jar:9.0.33]
	at javax.servlet.http.HttpServlet.service(HttpServlet.java:741) ~[servlet-api.jar:?]
	at org.apache.catalina.core.ApplicationFilterChain.internalDoFilter(ApplicationFilterChain.java:231) ~[catalina.jar:9.0.33]
	at org.apache.catalina.core.ApplicationFilterChain.doFilter(ApplicationFilterChain.java:166) ~[catalina.jar:9.0.33]
	at org.apache.catalina.core.ApplicationDispatcher.invoke(ApplicationDispatcher.java:712) ~[catalina.jar:9.0.33]
	at org.apache.catalina.core.ApplicationDispatcher.doInclude(ApplicationDispatcher.java:580) ~[catalina.jar:9.0.33]
	at org.apache.catalina.core.ApplicationDispatcher.include(ApplicationDispatcher.java:516) ~[catalina.jar:9.0.33]
	at org.apache.jasper.runtime.JspRuntimeLibrary.include(JspRuntimeLibrary.java:955) ~[jasper.jar:9.0.33]
	at org.apache.jsp.WEB_002dINF.jsp_005fpages.core_005fpage_jsp._jspx_meth_c_005fotherwise_005f0(core_005fpage_jsp.java:359) ~[?:?]
	at org.apache.jsp.WEB_002dINF.jsp_005fpages.core_005fpage_jsp._jspx_meth_c_005fchoose_005f0(core_005fpage_jsp.java:273) ~[?:?]
	at org.apache.jsp.WEB_002dINF.jsp_005fpages.core_005fpage_jsp._jspService(core_005fpage_jsp.java:171) ~[?:?]
	at org.apache.jasper.runtime.HttpJspBase.service(HttpJspBase.java:71) ~[jasper.jar:9.0.33]
	at javax.servlet.http.HttpServlet.service(HttpServlet.java:741) ~[servlet-api.jar:?]
	at org.apache.jasper.servlet.JspServletWrapper.service(JspServletWrapper.java:477) ~[jasper.jar:9.0.33]
	... 45 more
[INFO ] 2020-04-30 13:33:51.536 RepairAgencyApplicationListener:29 - Webapp 'Repair Service' was closed
[INFO ] 2020-04-30 13:34:11.964 RepairAgencyApplicationListener:19 - Webapp 'Repair Service' was started.
[INFO ] 2020-04-30 16:14:19.928 RepairAgencyApplicationListener:29 - Webapp 'Repair Service' was closed
[INFO ] 2020-04-30 16:14:42.233 RepairAgencyApplicationListener:19 - Webapp 'Repair Service' was started.
